2025-11-14 22:50:39,445  [INFO] - username:cloud, password:disk

2025-11-14 22:50:39,445  [INFO] - encodedPassword:–ZöŘ&z
2025-11-14 22:50:39,445  [INFO] - sql:

2025-11-14 22:50:39,452  [INFO] - Query OK. 1 row affected.
2025-11-14 22:50:46,085  [INFO] - username:cloud, password:disk

2025-11-14 22:50:46,085  [INFO] - encodedPassword:†:öŕ&z
2025-11-14 22:50:46,085  [INFO] - sql:
 ź"
2025-11-14 22:50:46,086  [INFO] - M:
2025-11-14 22:50:46,086  [INFO] - Generated token for user cloud
2025-11-14 22:50:46,165  [INFO] - username:cloud, token:cf6ab2ba5a905d13b18a37bfed5b86b020251114225046
2025-11-14 22:50:46,174  [INFO] - username:cloud, token:cf6ab2ba5a905d13b18a37bfed5b86b020251114225046

2025-11-14 22:50:46,174  [INFO] - 
sql:

2025-11-14 22:51:07,193  [INFO] - username:cloud, token:cf6ab2ba5a905d13b18a37bfed5b86b020251114225046

2025-11-14 22:51:07,199  [INFO] - _filename:tmp/mdbx.dat
2025-11-14 22:51:07,200  [INFO] - filehash:c25c9a11a985cbe2bf0755c92027a5b826d10952
2025-11-14 22:51:07,200  [INFO] - 
sql:

2025-11-14 22:52:00,160  [INFO] - username:cloud, token:cf6ab2ba5a905d13b18a37bfed5b86b020251114225046

2025-11-14 22:52:00,160  [INFO] - 
sql:

2025-11-14 22:52:03,590  [INFO] - username:cloud, password:disk

2025-11-14 22:52:03,590  [INFO] - encodedPassword:†ķôō&z
2025-11-14 22:52:03,590  [INFO] - sql:
 ź"
2025-11-14 22:52:03,591  [INFO] - M:
2025-11-14 22:52:03,592  [INFO] - Generated token for user cloud
2025-11-14 22:52:03,662  [INFO] - username:cloud, token:cf6ab2ba5a905d13b18a37bfed5b86b020251114225203
2025-11-14 22:52:03,670  [INFO] - username:cloud, token:cf6ab2ba5a905d13b18a37bfed5b86b020251114225203

2025-11-14 22:52:03,670  [INFO] - 
sql:

